  Manager.cpp
  MapLoader.cpp
c:\users\family\desktop\cpp-termpaper\tankman-client\source\game\maploader\maploader.cpp(33): warning C4244: 'initializing': conversion from 'int' to 'float', possible loss of data
c:\users\family\desktop\cpp-termpaper\tankman-client\source\game\maploader\maploader.cpp(35): warning C4018: '<': signed/unsigned mismatch
c:\users\family\desktop\cpp-termpaper\tankman-client\source\game\maploader\maploader.cpp(36): warning C4018: '<': signed/unsigned mismatch
c:\users\family\desktop\cpp-termpaper\tankman-client\source\game\maploader\maploader.cpp(40): warning C4244: 'argument': conversion from 'int' to 'float', possible loss of data
c:\users\family\desktop\cpp-termpaper\tankman-client\source\game\maploader\maploader.cpp(45): warning C4244: '=': conversion from 'int' to 'float', possible loss of data
c:\users\family\desktop\cpp-termpaper\tankman-client\source\game\maploader\maploader.cpp(46): warning C4244: '=': conversion from 'int' to 'float', possible loss of data
c:\users\family\desktop\cpp-termpaper\tankman-client\source\game\maploader\maploader.cpp(50): warning C4244: 'argument': conversion from 'int' to 'float', possible loss of data
c:\users\family\desktop\cpp-termpaper\tankman-client\source\game\maploader\maploader.cpp(56): warning C4244: 'argument': conversion from 'int' to 'float', possible loss of data
c:\users\family\desktop\cpp-termpaper\tankman-client\source\game\maploader\maploader.cpp(63): warning C4244: 'argument': conversion from 'int' to 'float', possible loss of data
c:\users\family\desktop\cpp-termpaper\tankman-client\source\game\maploader\maploader.cpp(89): warning C4244: 'initializing': conversion from 'int' to 'float', possible loss of data
c:\users\family\desktop\cpp-termpaper\tankman-client\source\game\maploader\maploader.cpp(91): warning C4018: '<': signed/unsigned mismatch
c:\users\family\desktop\cpp-termpaper\tankman-client\source\game\maploader\maploader.cpp(92): warning C4018: '<': signed/unsigned mismatch
c:\users\family\desktop\cpp-termpaper\tankman-client\source\game\maploader\maploader.cpp(96): warning C4244: 'argument': conversion from 'int' to 'float', possible loss of data
c:\users\family\desktop\cpp-termpaper\tankman-client\source\game\maploader\maploader.cpp(105): warning C4018: '<': signed/unsigned mismatch
c:\program files (x86)\microsoft visual studio\2017\community\vc\tools\msvc\14.16.27023\include\utility(239): warning C4244: 'initializing': conversion from '_Ty' to '_Ty1', possible loss of data
          with
          [
              _Ty=int
          ]
          and
          [
              _Ty1=float
          ]
  c:\users\family\desktop\cpp-termpaper\tankman-client\source\game\maploader\maploader.cpp(59): note: see reference to function template instantiation 'std::pair<float,float>::pair<int,int,0>(std::pair<int,int> &&) noexcept' being compiled
  c:\users\family\desktop\cpp-termpaper\tankman-client\source\game\maploader\maploader.cpp(59): note: see reference to function template instantiation 'std::pair<float,float>::pair<int,int,0>(std::pair<int,int> &&) noexcept' being compiled
c:\program files (x86)\microsoft visual studio\2017\community\vc\tools\msvc\14.16.27023\include\utility(240): warning C4244: 'initializing': conversion from '_Ty' to '_Ty2', possible loss of data
          with
          [
              _Ty=int
          ]
          and
          [
              _Ty2=float
          ]
  npc.cpp
c:\users\family\desktop\cpp-termpaper\tankman-client\source\game\npc\npc.cpp(28): warning C4018: '<': signed/unsigned mismatch
c:\users\family\desktop\cpp-termpaper\tankman-client\source\game\npc\npc.cpp(43): warning C4018: '<': signed/unsigned mismatch
  Player.cpp
c:\users\family\desktop\cpp-termpaper\tankman-client\source\game\player\player.cpp(63): warning C4018: '<': signed/unsigned mismatch
  Main.cpp
  Generating Code...
LINK : warning LNK4098: defaultlib 'MSVCRT' conflicts with use of other libs; use /NODEFAULTLIB:library
SOIL.lib(image_DXT.obj) : warning LNK4099: PDB 'vc120.pdb' was not found with 'SOIL.lib(image_DXT.obj)' or at 'C:\Users\family\Desktop\cpp-termpaper\Debug\vc120.pdb'; linking object as if no debug info
SOIL.lib(image_helper.obj) : warning LNK4099: PDB 'vc120.pdb' was not found with 'SOIL.lib(image_helper.obj)' or at 'C:\Users\family\Desktop\cpp-termpaper\Debug\vc120.pdb'; linking object as if no debug info
SOIL.lib(SOIL.obj) : warning LNK4099: PDB 'vc120.pdb' was not found with 'SOIL.lib(SOIL.obj)' or at 'C:\Users\family\Desktop\cpp-termpaper\Debug\vc120.pdb'; linking object as if no debug info
SOIL.lib(stb_image_aug.obj) : warning LNK4099: PDB 'vc120.pdb' was not found with 'SOIL.lib(stb_image_aug.obj)' or at 'C:\Users\family\Desktop\cpp-termpaper\Debug\vc120.pdb'; linking object as if no debug info
  tankman-client.vcxproj -> C:\Users\family\Desktop\cpp-termpaper\Debug\tankman-client.exe
