  Engine.cpp
  Sprite.cpp
  Texture.cpp
  Keyboard.cpp
  Mouse.cpp
  Vector3.cpp
  Manager.cpp
  MapLoader.cpp
c:\users\family\desktop\cpp-termpaper\tankman-client\source\game\maploader\maploader.cpp(33): warning C4244: 'initializing': conversion from 'int' to 'float', possible loss of data
c:\users\family\desktop\cpp-termpaper\tankman-client\source\game\maploader\maploader.cpp(35): warning C4018: '<': signed/unsigned mismatch
c:\users\family\desktop\cpp-termpaper\tankman-client\source\game\maploader\maploader.cpp(36): warning C4018: '<': signed/unsigned mismatch
c:\users\family\desktop\cpp-termpaper\tankman-client\source\game\maploader\maploader.cpp(40): warning C4244: 'argument': conversion from 'int' to 'float', possible loss of data
c:\users\family\desktop\cpp-termpaper\tankman-client\source\game\maploader\maploader.cpp(45): warning C4244: '=': conversion from 'int' to 'float', possible loss of data
c:\users\family\desktop\cpp-termpaper\tankman-client\source\game\maploader\maploader.cpp(46): warning C4244: '=': conversion from 'int' to 'float', possible loss of data
  Player.cpp
c:\users\family\desktop\cpp-termpaper\tankman-client\source\game\player\player.cpp(27): warning C4244: 'initializing': conversion from 'double' to 'float', possible loss of data
c:\users\family\desktop\cpp-termpaper\tankman-client\source\game\player\player.cpp(28): warning C4244: 'initializing': conversion from 'double' to 'float', possible loss of data
c:\users\family\desktop\cpp-termpaper\tankman-client\source\game\player\player.cpp(46): warning C4244: 'argument': conversion from 'double' to 'float', possible loss of data
c:\users\family\desktop\cpp-termpaper\tankman-client\source\game\player\player.cpp(49): warning C4244: 'argument': conversion from 'double' to 'float', possible loss of data
c:\users\family\desktop\cpp-termpaper\tankman-client\source\game\player\player.cpp(52): warning C4244: 'argument': conversion from 'double' to 'float', possible loss of data
c:\users\family\desktop\cpp-termpaper\tankman-client\source\game\player\player.cpp(55): warning C4244: 'argument': conversion from 'double' to 'float', possible loss of data
  Main.cpp
SOIL.lib(SOIL.obj) : warning LNK4075: ignoring '/EDITANDCONTINUE' due to '/OPT:ICF' specification
LINK : warning LNK4098: defaultlib 'MSVCRTD' conflicts with use of other libs; use /NODEFAULTLIB:library
  Generating code
  All 411 functions were compiled because no usable IPDB/IOBJ from previous compilation was found.
  Finished generating code
SOIL.lib(image_DXT.obj) : warning LNK4099: PDB 'vc120.pdb' was not found with 'SOIL.lib(image_DXT.obj)' or at 'C:\Users\family\Desktop\cpp-termpaper\Release\vc120.pdb'; linking object as if no debug info
SOIL.lib(image_helper.obj) : warning LNK4099: PDB 'vc120.pdb' was not found with 'SOIL.lib(image_helper.obj)' or at 'C:\Users\family\Desktop\cpp-termpaper\Release\vc120.pdb'; linking object as if no debug info
SOIL.lib(SOIL.obj) : warning LNK4099: PDB 'vc120.pdb' was not found with 'SOIL.lib(SOIL.obj)' or at 'C:\Users\family\Desktop\cpp-termpaper\Release\vc120.pdb'; linking object as if no debug info
SOIL.lib(stb_image_aug.obj) : warning LNK4099: PDB 'vc120.pdb' was not found with 'SOIL.lib(stb_image_aug.obj)' or at 'C:\Users\family\Desktop\cpp-termpaper\Release\vc120.pdb'; linking object as if no debug info
  tankman-client.vcxproj -> C:\Users\family\Desktop\cpp-termpaper\Release\tankman-client.exe
