  Engine.cpp
  Sprite.cpp
  Texture.cpp
  Keyboard.cpp
  Mouse.cpp
  Vector3.cpp
  Body.cpp
c:\users\family\desktop\cpp-termpaper\tankman-client\source\engine\physics\body.cpp(4): warning C4129: 'A': unrecognized character escape sequence
c:\users\family\desktop\cpp-termpaper\tankman-client\source\engine\physics\body.cpp(4): warning C4129: 'P': unrecognized character escape sequence
  Manager.cpp
c:\users\family\desktop\cpp-termpaper\tankman-client\source\game\manager\manager.cpp(27): warning C4244: 'argument': conversion from 'double' to 'float', possible loss of data
c:\users\family\desktop\cpp-termpaper\tankman-client\source\game\manager\manager.cpp(29): warning C4244: 'argument': conversion from 'double' to 'float', possible loss of data
c:\users\family\desktop\cpp-termpaper\tankman-client\source\game\manager\manager.cpp(31): warning C4244: 'argument': conversion from 'double' to 'float', possible loss of data
c:\users\family\desktop\cpp-termpaper\tankman-client\source\game\manager\manager.cpp(33): warning C4244: 'argument': conversion from 'double' to 'float', possible loss of data
  Main.cpp
  Generating Code...
Engine.obj : error LNK2019: unresolved external symbol glfwInit referenced in function "public: bool __cdecl Engine::initWindow(char *)" (?initWindow@Engine@@QEAA_NPEAD@Z)
Engine.obj : error LNK2019: unresolved external symbol glfwTerminate referenced in function "public: bool __cdecl Engine::initWindow(char *)" (?initWindow@Engine@@QEAA_NPEAD@Z)
Engine.obj : error LNK2019: unresolved external symbol glfwGetPrimaryMonitor referenced in function "public: bool __cdecl Engine::initWindow(char *)" (?initWindow@Engine@@QEAA_NPEAD@Z)
Engine.obj : error LNK2019: unresolved external symbol glfwGetVideoMode referenced in function "public: bool __cdecl Engine::initWindow(char *)" (?initWindow@Engine@@QEAA_NPEAD@Z)
Engine.obj : error LNK2019: unresolved external symbol glfwCreateWindow referenced in function "public: bool __cdecl Engine::initWindow(char *)" (?initWindow@Engine@@QEAA_NPEAD@Z)
Engine.obj : error LNK2019: unresolved external symbol glfwSetWindowPos referenced in function "public: bool __cdecl Engine::initWindow(char *)" (?initWindow@Engine@@QEAA_NPEAD@Z)
Engine.obj : error LNK2019: unresolved external symbol glfwSetWindowSizeLimits referenced in function "public: bool __cdecl Engine::initWindow(char *)" (?initWindow@Engine@@QEAA_NPEAD@Z)
Engine.obj : error LNK2019: unresolved external symbol glfwSetWindowAspectRatio referenced in function "public: bool __cdecl Engine::initWindow(char *)" (?initWindow@Engine@@QEAA_NPEAD@Z)
Engine.obj : error LNK2019: unresolved external symbol glfwGetFramebufferSize referenced in function "public: bool __cdecl Engine::initWindow(char *)" (?initWindow@Engine@@QEAA_NPEAD@Z)
Mouse.obj : error LNK2001: unresolved external symbol glfwGetFramebufferSize
Engine.obj : error LNK2019: unresolved external symbol glfwPollEvents referenced in function "public: void __cdecl Engine::Update(void)" (?Update@Engine@@QEAAXXZ)
Engine.obj : error LNK2019: unresolved external symbol glfwSetKeyCallback referenced in function "public: bool __cdecl Engine::initWindow(char *)" (?initWindow@Engine@@QEAA_NPEAD@Z)
Engine.obj : error LNK2019: unresolved external symbol glfwSetMouseButtonCallback referenced in function "public: bool __cdecl Engine::initWindow(char *)" (?initWindow@Engine@@QEAA_NPEAD@Z)
Engine.obj : error LNK2019: unresolved external symbol glfwSetCursorPosCallback referenced in function "public: bool __cdecl Engine::initWindow(char *)" (?initWindow@Engine@@QEAA_NPEAD@Z)
Engine.obj : error LNK2019: unresolved external symbol glfwMakeContextCurrent referenced in function "public: bool __cdecl Engine::initWindow(char *)" (?initWindow@Engine@@QEAA_NPEAD@Z)
Engine.obj : error LNK2019: unresolved external symbol glfwSwapBuffers referenced in function "public: void __cdecl Engine::endRender(void)" (?endRender@Engine@@QEAAXXZ)
Engine.obj : error LNK2019: unresolved external symbol glfwSwapInterval referenced in function "public: bool __cdecl Engine::initWindow(char *)" (?initWindow@Engine@@QEAA_NPEAD@Z)
Texture.obj : error LNK2019: unresolved external symbol SOIL_load_OGL_texture referenced in function "public: __cdecl Texture::Texture(class std::basic_string<char,struct std::char_traits<char>,class std::allocator<char> >)" (??0Texture@@QEAA@V?$basic_string@DU?$char_traits@D@std@@V?$allocator@D@2@@std@@@Z)
C:\Users\family\Desktop\cpp-termpaper\tankman-client\lib-vc2015\glfw3.lib : warning LNK4272: library machine type 'x86' conflicts with target machine type 'x64'
C:\Users\family\Desktop\cpp-termpaper\tankman-client\lib-vc2015\SOIL.lib : warning LNK4272: library machine type 'x86' conflicts with target machine type 'x64'
C:\Users\family\Desktop\cpp-termpaper\x64\Debug\tankman-client.exe : fatal error LNK1120: 17 unresolved externals
